<?xml version="1.0" encoding="UTF-8"?>
<testsuite name="com.fastcampus.programming.dmaker.dto.DevDtoTest" tests="1" skipped="0" failures="0" errors="0" timestamp="2022-12-13T09:09:09" hostname="DESKTOP-3Q9LP9B" time="0.016">
  <properties/>
  <testcase name="test()" classname="com.fastcampus.programming.dmaker.dto.DevDtoTest" time="0.016"/>
  <system-out><![CDATA[simpson
]]></system-out>
  <system-err><![CDATA[]]></system-err>
</testsuite>
